{"level":"error","message":"La página que estás buscando no se encuentra.","referrer":"http://localhost:3000/dashboard/app.log","timestamp":"2023-09-05T22:03:06.599Z","username":"imaxessprivado@imaxess.com"}
{"level":"error","message":"La página que estás buscando no se encuentra.","referrer":"/dashboard/","timestamp":"2023-09-05T22:34:48.021Z","username":"imaxessprivado@imaxess.com"}
{"level":"error","message":"La página que estás buscando no se encuentra.","referrer":"/dashboard/","timestamp":"2023-09-05T22:58:31.170Z","username":"imaxessprivado@imaxess.com"}
{"level":"error","message":"result5 is not defined","referrer":"http://localhost:3000/dashboard/sd","timestamp":"2023-09-05T22:58:34.380Z","username":"imaxessprivado@imaxess.com"}
{"level":"error","message":"ER_BAD_FIELD_ERROR: Unknown column 'u.idPersona2' in 'where clause'","referrer":"http://localhost:3000/","timestamp":"2023-09-06T15:11:32.962Z","username":"SysLogin"}
{"level":"error","message":"ER_BAD_FIELD_ERROR: Unknown column 'u.idPersona2' in 'where clause'","referrer":"http://localhost:3000/auth/login","timestamp":"2023-09-06T15:15:47.864Z","username":"SysLogin"}
{"level":"error","message":"ER_BAD_FIELD_ERROR: Unknown column 'u.idPersona2' in 'where clause'","referrer":"http://localhost:3000/auth/login","timestamp":"2023-09-06T15:17:00.789Z","username":"SysLogin"}
{"level":"error","message":"ER_BAD_FIELD_ERROR: Unknown column 'u.idPersona2' in 'where clause'","referrer":"http://localhost:3000/auth/login","timestamp":"2023-09-06T15:17:04.027Z","username":"SysLogin"}
{"level":"error","message":"ER_BAD_FIELD_ERROR: Unknown column 'u.idPersona2' in 'where clause'","referrer":"http://localhost:3000/auth/login","timestamp":"2023-09-06T15:18:29.800Z","username":"SysLogin"}
{"level":"error","message":"ER_BAD_FIELD_ERROR: Unknown column 'u.idPersona2' in 'where clause'","referrer":"http://localhost:3000/auth/login","timestamp":"2023-09-06T15:18:33.228Z","username":"SysLogin"}
{"level":"error","message":"ER_BAD_FIELD_ERROR: Unknown column 'u.idPersona2' in 'where clause'","referrer":"http://localhost:3000/auth/login","timestamp":"2023-09-06T15:19:10.291Z","username":"SysLogin"}
{"level":"error","message":"ER_BAD_FIELD_ERROR: Unknown column 'u.idPersona2' in 'where clause'","referrer":"http://localhost:3000/auth/login","timestamp":"2023-09-06T15:23:48.118Z","username":"SysLogin"}
{"level":"error","message":"ER_BAD_FIELD_ERROR: Unknown column 'u.idPersona2' in 'where clause'","referrer":"http://localhost:3000/auth/login","timestamp":"2023-09-06T15:24:12.531Z","username":"SysLogin"}
{"level":"error","message":"La página que estás buscando no se encuentra.","referrer":"http://localhost:3000/dashboard/agendar","timestamp":"2023-09-06T15:27:01.257Z","username":"imaxessprivado@imaxess.com"}
{"level":"error","message":"La página que estás buscando no se encuentra.","referrer":"http://localhost:3000/dashboard/configuration","timestamp":"2023-09-06T15:27:05.471Z","username":"imaxessprivado@imaxess.com"}
{"level":"error","message":"La página que estás buscando no se encuentra.","referrer":"http://localhost:3000/dashboard/contact","timestamp":"2023-09-06T15:27:06.621Z","username":"imaxessprivado@imaxess.com"}
{"level":"error","message":"La página que estás buscando no se encuentra.","referrer":"http://localhost:3000/dashboard/configuration","timestamp":"2023-09-06T15:27:07.774Z","username":"imaxessprivado@imaxess.com"}
{"level":"error","message":"La página que estás buscando no se encuentra.","referrer":"http://localhost:3000/dashboard/contact","timestamp":"2023-09-06T15:27:08.767Z","username":"imaxessprivado@imaxess.com"}
{"level":"error","message":"La página que estás buscando no se encuentra.","referrer":"http://localhost:3000/dashboard/configuration","timestamp":"2023-09-06T15:27:13.778Z","username":"imaxessprivado@imaxess.com"}
{"level":"error","message":"La página que estás buscando no se encuentra.","referrer":"/dashboard/","timestamp":"2023-09-06T15:27:53.002Z","username":"imaxessprivado@imaxess.com"}
{"level":"error","message":"La página que estás buscando no se encuentra.","referrer":"http://localhost:3000/dashboard/agendar","timestamp":"2023-09-06T15:31:36.607Z","username":"imaxessprivado@imaxess.com"}
{"level":"error","message":"La página que estás buscando no se encuentra.","referrer":"http://localhost:3000/dashboard/","timestamp":"2023-09-06T15:31:58.708Z","username":"imaxessprivado@imaxess.com"}
{"level":"error","message":"La página que estás buscando no se encuentra.","referrer":"http://localhost:3000/dashboard/contact","timestamp":"2023-09-06T15:32:00.289Z","username":"imaxessprivado@imaxess.com"}
{"level":"error","message":"La página que estás buscando no se encuentra.","referrer":"http://localhost:3000/dashboard/agendar","timestamp":"2023-09-06T15:32:04.949Z","username":"imaxessprivado@imaxess.com"}
{"level":"error","message":"La página que estás buscando no se encuentra.","referrer":"http://localhost:3000/dashboard/agendar","timestamp":"2023-09-06T15:35:52.384Z","username":"imaxessprivado@imaxess.com"}
{"level":"error","message":"La página que estás buscando no se encuentra.","referrer":"http://localhost:3000/dashboard/","timestamp":"2023-09-06T15:35:55.648Z","username":"imaxessprivado@imaxess.com"}
{"level":"error","message":"La página que estás buscando no se encuentra.","referrer":"http://localhost:3000/dashboard/","timestamp":"2023-09-06T15:36:36.638Z","username":"imaxessprivado@imaxess.com"}
{"level":"error","message":"La página que estás buscando no se encuentra.","referrer":"http://localhost:3000/dashboard/user","timestamp":"2023-09-06T15:36:38.926Z","username":"imaxessprivado@imaxess.com"}
{"level":"error","message":"La página que estás buscando no se encuentra.","referrer":"http://localhost:3000/dashboard/","timestamp":"2023-09-06T15:36:41.182Z","username":"imaxessprivado@imaxess.com"}
{"level":"error","message":"ER_BAD_FIELD_ERROR: Unknown column 'u.idPersona2' in 'where clause'","referrer":"http://localhost:3000/auth/login","timestamp":"2023-09-06T15:38:36.514Z","username":"SysLogin"}
{"level":"error","message":"Este es un error de prueba","referrer":"http://localhost:3000/auth/login","timestamp":"2023-09-06T15:41:27.553Z","username":"imaxessprivado@imaxess.com"}
{"level":"error","message":"ER_BAD_FIELD_ERROR: Unknown column 'u.idPersona2' in 'where clause'","referrer":"http://localhost:3000/auth/login","timestamp":"2023-09-06T15:42:48.865Z","username":"SysLogin"}
{"level":"error","message":"ER_BAD_FIELD_ERROR: Unknown column 'u.idPersona2' in 'where clause'","referrer":"http://localhost:3000/auth/login","timestamp":"2023-09-06T15:44:39.633Z","username":"SysLogin"}
{"level":"error","message":"ER_BAD_FIELD_ERROR: Unknown column 'u.idPersona2' in 'where clause'","referrer":"http://localhost:3000/auth/login","timestamp":"2023-09-06T15:45:00.903Z","username":"SysLogin"}
{"level":"error","message":"ER_BAD_FIELD_ERROR: Unknown column 'u.idPersona2' in 'where clause'","referrer":"http://localhost:3000/auth/login","timestamp":"2023-09-06T15:45:04.420Z","username":"SysLogin"}
{"level":"error","message":"next is not defined","referrer":"http://localhost:3000/auth/login","timestamp":"2023-09-06T15:50:49.126Z","username":"SysLogin"}
{"level":"error","message":"next is not a function","referrer":"http://localhost:3000/auth/login","timestamp":"2023-09-06T15:51:08.151Z","username":"SysLogin"}
{"level":"error","message":"Ocurrió un error al consultar la base de datos.","referrer":"http://localhost:3000/auth/login","timestamp":"2023-09-06T15:53:43.552Z","username":"SysLogin"}
{"level":"error","message":"Ocurrió un error de campo incorrecto.","referrer":"http://localhost:3000/auth/login","timestamp":"2023-09-06T16:05:15.271Z","username":"SysLogin"}
{"level":"error","message":"Ocurrió un error de campo incorrecto.","referrer":"http://localhost:3000/auth/login","timestamp":"2023-09-06T16:14:59.791Z","username":"SysLogin"}
{"level":"error","message":"Error en los datos enviados. Verifique los campos.","referrer":"http://localhost:3000/auth/login","timestamp":"2023-09-06T16:20:32.953Z","username":"SysLogin"}
{"level":"error","message":"Error desconocido","referrer":"/dashboard/","timestamp":"2023-09-06T16:35:30.921Z","username":"imaxessprivado@imaxess.com"}
{"level":"error","message":"Error desconocido","referrer":"/dashboard/","timestamp":"2023-09-06T16:35:59.475Z","username":"imaxessprivado@imaxess.com"}
{"level":"error","message":"Error desconocido","referrer":"http://localhost:3000/dashboard/agendar","timestamp":"2023-09-06T16:36:10.013Z","username":"imaxessprivado@imaxess.com"}
{"level":"error","message":"Error desconocido","referrer":"http://localhost:3000/dashboard/agendar","timestamp":"2023-09-06T16:36:44.639Z","username":"imaxessprivado@imaxess.com"}
{"level":"error","message":"Error desconocido","referrer":"http://localhost:3000/dashboard/agendar","timestamp":"2023-09-06T16:38:28.695Z","username":"imaxessprivado@imaxess.com"}
{"level":"error","message":"Error desconocido","referrer":"http://localhost:3000/dashboard/agendar","timestamp":"2023-09-06T16:40:11.246Z","username":"imaxessprivado@imaxess.com"}
{"level":"error","message":"Error desconocido","referrer":"http://localhost:3000/dashboard/agendar","timestamp":"2023-09-06T16:41:00.875Z","username":"imaxessprivado@imaxess.com"}
{"level":"error","message":"Error desconocido","referrer":"http://localhost:3000/dashboard/configuration","timestamp":"2023-09-06T16:45:00.280Z","username":"imaxessprivado@imaxess.com"}
{"level":"error","message":"Error desconocido","referrer":"http://localhost:3000/dashboard/configuration","timestamp":"2023-09-06T16:45:05.998Z","username":"imaxessprivado@imaxess.com"}
{"level":"error","message":"Error desconocido","referrer":"http://localhost:3000/dashboard/agendar","timestamp":"2023-09-06T16:45:08.652Z","username":"imaxessprivado@imaxess.com"}
{"level":"error","message":"Error desconocido","referrer":"http://localhost:3000/dashboard/agendar","timestamp":"2023-09-06T16:47:17.976Z","username":"imaxessprivado@imaxess.com"}
{"level":"error","message":"Error desconocido","referrer":"http://localhost:3000/dashboard/agendar","timestamp":"2023-09-06T16:47:41.059Z","username":"imaxessprivado@imaxess.com"}
{"level":"error","message":"Error desconocido","referrer":"http://localhost:3000/dashboard/agendar","timestamp":"2023-09-06T16:49:01.255Z","username":"imaxessprivado@imaxess.com"}
{"level":"error","message":"Error desconocido","referrer":"http://localhost:3000/dashboard/agendar","timestamp":"2023-09-06T16:49:37.060Z","username":"imaxessprivado@imaxess.com"}
{"level":"error","message":"La página que estás buscando no se encuentra.","referrer":"http://localhost:3000/dashboard/agendar","timestamp":"2023-09-06T16:49:51.159Z","username":"imaxessprivado@imaxess.com"}
{"level":"error","message":"La página que estás buscando no se encuentra.","referrer":"http://localhost:3000/dashboard/agendar","timestamp":"2023-09-06T16:50:25.169Z","username":"imaxessprivado@imaxess.com"}
{"level":"error","message":"La página que estás buscando no se encuentra.","referrer":"http://localhost:3000/dashboard/agendar","timestamp":"2023-09-06T16:50:48.997Z","username":"imaxessprivado@imaxess.com"}
{"level":"error","message":"Error en los datos enviados. Verifique los campos.","referrer":"http://localhost:3000/auth/login","timestamp":"2023-09-06T16:54:48.879Z","username":"SysLogin"}
{"level":"error","message":"Error en los datos enviados. Verifique los campos.","referrer":"http://localhost:3000/auth/login","timestamp":"2023-09-06T16:56:17.456Z","username":"SysLogin"}
{"level":"error","message":"Error en los datos enviados. Verifique los campos.","referrer":"http://localhost:3000/auth/login","timestamp":"2023-09-06T16:56:40.520Z","username":"SysLogin"}
{"level":"error","message":"Error en los datos enviados. Verifique los campos.","referrer":"http://localhost:3000/auth/login","timestamp":"2023-09-06T16:59:53.055Z","username":"SysLogin"}
{"level":"error","message":"Error en los datos enviados. Verifique los campos.","referrer":"http://localhost:3000/auth/login","timestamp":"2023-09-06T17:00:36.985Z","username":"SysLogin"}
{"level":"error","message":"totalTime is not defined","referrer":"http://localhost:3000/agenda/selectStudy","timestamp":"2023-09-06T20:37:09.787Z","username":"imaxessprivado@imaxess.com"}
{"level":"error","message":"La página que estás buscando no se encuentra.","referrer":"http://localhost:3000/agenda/selectStudy","timestamp":"2023-09-06T21:31:43.084Z","username":"imaxessprivado@imaxess.com"}
{"level":"error","message":"La página que estás buscando no se encuentra.","referrer":"http://localhost:3000/dashboard/","timestamp":"2023-09-06T22:43:15.201Z","username":"imaxessprivado@imaxess.com"}
{"level":"error","message":"La página que estás buscando no se encuentra.","referrer":"http://localhost:3000/agenda/selectStudy","timestamp":"2023-09-06T23:02:53.087Z","username":"imaxessprivado@imaxess.com"}
{"level":"error","message":"La página que estás buscando no se encuentra.","referrer":"/dashboard/","timestamp":"2023-09-06T23:03:29.027Z","username":"imaxessprivado@imaxess.com"}
{"level":"error","message":"La página que estás buscando no se encuentra.","referrer":"http://localhost:3000/agenda/selectStudy","timestamp":"2023-09-07T00:08:10.490Z","username":"imaxessprivado@imaxess.com"}
{"level":"error","message":"La página que estás buscando no se encuentra.","referrer":"http://localhost:3000/dashboard/contact","timestamp":"2023-09-07T00:08:12.105Z","username":"imaxessprivado@imaxess.com"}
{"level":"error","message":"La página que estás buscando no se encuentra.","referrer":"http://localhost:3000/agenda/selectStudy","timestamp":"2023-09-07T00:08:12.808Z","username":"imaxessprivado@imaxess.com"}
{"level":"error","message":"La página que estás buscando no se encuentra.","referrer":"http://localhost:3000/dashboard/configuration","timestamp":"2023-09-07T00:08:14.048Z","username":"imaxessprivado@imaxess.com"}
{"level":"error","message":"La página que estás buscando no se encuentra.","referrer":"http://localhost:3000/agenda/selectStudy","timestamp":"2023-09-07T00:09:28.275Z","username":"imaxessprivado@imaxess.com"}
{"level":"error","message":"La página que estás buscando no se encuentra.","referrer":"http://localhost:3000/agenda/selectCita","timestamp":"2023-09-07T00:09:29.884Z","username":"imaxessprivado@imaxess.com"}
{"level":"error","message":"La página que estás buscando no se encuentra.","referrer":"http://localhost:3000/agenda/selectStudy","timestamp":"2023-09-07T00:09:45.924Z","username":"imaxessprivado@imaxess.com"}
{"level":"error","message":"La página que estás buscando no se encuentra.","referrer":"http://localhost:3000/agenda/selectStudy","timestamp":"2023-09-07T17:14:42.788Z","username":"imaxessprivado@imaxess.com"}
{"level":"error","message":"La página que estás buscando no se encuentra.","referrer":"http://localhost:3000/agenda/selectStudy","timestamp":"2023-09-07T17:36:00.815Z","username":"imaxessprivado@imaxess.com"}
{"level":"error","message":"Cannot read properties of undefined (reading '0')","referrer":"/dashboard/","timestamp":"2023-09-07T17:47:39.281Z","username":"imaxessprivado@imaxess.com"}
{"level":"error","message":"La página que estás buscando no se encuentra.","referrer":"http://localhost:3000/agenda/selectStudy","timestamp":"2023-09-07T17:48:06.246Z","username":"imaxessprivado@imaxess.com"}
{"level":"error","message":"Cannot read properties of undefined (reading '0')","referrer":"/dashboard/","timestamp":"2023-09-07T17:48:44.199Z","username":"imaxessprivado@imaxess.com"}
{"level":"error","message":"Cannot read properties of undefined (reading '0')","referrer":"/dashboard/","timestamp":"2023-09-07T17:49:25.815Z","username":"imaxessprivado@imaxess.com"}
{"level":"error","message":"La página que estás buscando no se encuentra.","referrer":"http://localhost:3000/agenda/selectStudy","timestamp":"2023-09-07T17:50:16.121Z","username":"imaxessprivado@imaxess.com"}
{"level":"error","message":"Cannot read properties of undefined (reading '0')","referrer":"/dashboard/","timestamp":"2023-09-07T17:50:23.108Z","username":"imaxessprivado@imaxess.com"}
{"level":"error","message":"La página que estás buscando no se encuentra.","referrer":"http://localhost:3000/agenda/selectStudy","timestamp":"2023-09-07T18:17:06.437Z","username":"imaxessprivado@imaxess.com"}
{"level":"error","message":"La página que estás buscando no se encuentra.","referrer":"http://localhost:3000/agenda/selectStudy","timestamp":"2023-09-08T15:54:02.118Z","username":"imaxessprivado@imaxess.com"}
{"level":"error","message":"result is not defined","referrer":"http://localhost:3000/dashboard/agendar","timestamp":"2023-09-08T16:03:34.578Z","username":"imaxessprivado@imaxess.com"}
{"level":"error","message":"La página que estás buscando no se encuentra.","referrer":"http://localhost:3000/agenda/selectStudy","timestamp":"2023-09-08T16:08:30.902Z","username":"imaxessprivado@imaxess.com"}
{"level":"error","message":"Assignment to constant variable.","referrer":"http://localhost:3000/dashboard/agendar","timestamp":"2023-09-08T16:16:49.542Z","username":"imaxessprivado@imaxess.com"}
{"level":"error","message":"La página que estás buscando no se encuentra.","referrer":"http://localhost:3000/agenda/selectStudy","timestamp":"2023-09-08T16:53:33.994Z","username":"imaxessprivado@imaxess.com"}
{"level":"error","message":"La página que estás buscando no se encuentra.","referrer":"http://localhost:3000/dashboard/agendar","timestamp":"2023-09-08T17:02:20.761Z","username":"imaxessprivado@imaxess.com"}
{"level":"error","message":"La página que estás buscando no se encuentra.","referrer":"http://localhost:3000/agenda/estudios/MAT3","timestamp":"2023-09-09T16:28:50.135Z","username":"imaxessprivado@imaxess.com"}
{"level":"error","message":"La página que estás buscando no se encuentra.","referrer":"/dashboard/","timestamp":"2023-09-09T16:32:43.750Z","username":"imaxessprivado@imaxess.com"}
{"level":"error","message":"La página que estás buscando no se encuentra.","referrer":"http://localhost:3000/agenda/selectStudy","timestamp":"2023-09-09T16:33:32.341Z","username":"imaxessprivado@imaxess.com"}
{"level":"error","message":"La página que estás buscando no se encuentra.","referrer":"http://localhost:3000/agenda/selectStudy","timestamp":"2023-09-09T17:31:14.289Z","username":"imaxessprivado@imaxess.com"}
{"level":"error","message":"La página que estás buscando no se encuentra.","referrer":"/dashboard/","timestamp":"2023-09-09T21:06:05.467Z","username":"imaxessprivado@imaxess.com"}
{"level":"error","message":"La página que estás buscando no se encuentra.","referrer":"/dashboard/","timestamp":"2023-09-09T22:33:58.723Z","username":"imaxessprivado@imaxess.com"}
{"level":"error","message":"Agenda.addTotal is not a function","referrer":"http://localhost:3000/agenda/selectStudy","timestamp":"2023-09-09T22:41:47.619Z","username":"imaxessprivado@imaxess.com"}
{"level":"error","message":"Agenda.addTotal is not a function","referrer":"http://localhost:3000/agenda/selectStudy","timestamp":"2023-09-09T22:42:34.077Z","username":"imaxessprivado@imaxess.com"}
{"level":"error","message":"addTotal is not defined","referrer":"http://localhost:3000/agenda/selectStudy","timestamp":"2023-09-09T22:43:52.754Z","username":"imaxessprivado@imaxess.com"}
{"level":"error","message":"next is not a function","referrer":"http://localhost:3000/agenda/selectStudy","timestamp":"2023-09-09T22:44:22.729Z","username":"imaxessprivado@imaxess.com"}
{"level":"error","message":"next is not a function","referrer":"http://localhost:3000/agenda/selectStudy","timestamp":"2023-09-09T22:44:35.573Z","username":"imaxessprivado@imaxess.com"}
{"level":"error","message":"addTotal is not defined","referrer":"http://localhost:3000/agenda/selectStudy","timestamp":"2023-09-09T22:46:50.906Z","username":"imaxessprivado@imaxess.com"}
{"level":"error","message":"addTotal is not defined","referrer":"http://localhost:3000/agenda/selectStudy","timestamp":"2023-09-09T22:47:06.499Z","username":"imaxessprivado@imaxess.com"}
{"level":"error","message":"Cannot destructure property 'totalPrecio' of '(intermediate value)' as it is undefined.","referrer":"http://localhost:3000/agenda/selectStudy","timestamp":"2023-09-09T22:52:26.415Z","username":"imaxessprivado@imaxess.com"}
{"level":"error","message":"getTotales is not defined","referrer":"http://localhost:3000/agenda/selectStudy","timestamp":"2023-09-11T14:43:11.412Z","username":"imaxessprivado@imaxess.com"}
{"level":"error","message":"getTotales is not defined","referrer":"http://localhost:3000/agenda/selectStudy","timestamp":"2023-09-11T14:44:11.428Z","username":"imaxessprivado@imaxess.com"}
{"level":"error","message":"getTotales is not defined","referrer":"http://localhost:3000/agenda/selectStudy","timestamp":"2023-09-11T14:44:16.728Z","username":"imaxessprivado@imaxess.com"}
{"level":"error","message":"addTotal is not defined","referrer":"http://localhost:3000/agenda/selectStudy","timestamp":"2023-09-11T14:44:34.791Z","username":"imaxessprivado@imaxess.com"}
{"level":"error","message":"addTotal is not defined","referrer":"http://localhost:3000/agenda/selectStudy","timestamp":"2023-09-11T14:45:28.414Z","username":"imaxessprivado@imaxess.com"}
{"level":"error","message":"addTotal is not defined","referrer":"http://localhost:3000/agenda/selectStudy","timestamp":"2023-09-11T14:45:52.731Z","username":"imaxessprivado@imaxess.com"}
{"level":"error","message":"addTotal is not defined","referrer":"http://localhost:3000/agenda/selectStudy","timestamp":"2023-09-11T14:48:00.370Z","username":"imaxessprivado@imaxess.com"}
{"level":"error","message":"(C:\\wamp64\\www\\B2B-Imaxess\\views\\agenda\\agendarCita.html) [Line 1, Column 3]\n  Error: filter not found: formatoHoraMinutos","referrer":"http://localhost:3000/agenda/selectStudy","timestamp":"2023-09-11T15:13:32.917Z","username":"imaxessprivado@imaxess.com"}
{"level":"error","message":"(C:\\wamp64\\www\\B2B-Imaxess\\views\\agenda\\agendarCita.html) [Line 1, Column 3]\n  Error: filter not found: formatoHoraMinutos","referrer":"http://localhost:3000/agenda/selectStudy","timestamp":"2023-09-11T15:14:18.729Z","username":"imaxessprivado@imaxess.com"}
{"level":"error","message":"(C:\\wamp64\\www\\B2B-Imaxess\\views\\agenda\\agendarCita.html) [Line 1, Column 3]\n  Error: filter not found: formatoHoraMinutos","referrer":"http://localhost:3000/agenda/selectStudy","timestamp":"2023-09-11T15:16:12.519Z","username":"imaxessprivado@imaxess.com"}
{"level":"error","message":"(C:\\wamp64\\www\\B2B-Imaxess\\views\\agenda\\agendarCita.html) [Line 1, Column 3]\n  Error: filter not found: formatoHoraMinutos","referrer":"http://localhost:3000/agenda/selectStudy","timestamp":"2023-09-11T15:17:21.153Z","username":"imaxessprivado@imaxess.com"}
{"level":"error","message":"(C:\\wamp64\\www\\B2B-Imaxess\\views\\agenda\\agendarCita.html) [Line 1, Column 3]\n  Error: filter not found: formatoHoraMinutos","referrer":"http://localhost:3000/agenda/selectStudy","timestamp":"2023-09-11T15:17:42.928Z","username":"imaxessprivado@imaxess.com"}
{"level":"error","message":"La página que estás buscando no se encuentra.","referrer":"http://localhost:3000/agenda/agendarCita","timestamp":"2023-09-11T15:17:45.123Z","username":"imaxessprivado@imaxess.com"}
{"level":"error","message":"(C:\\wamp64\\www\\B2B-Imaxess\\views\\agenda\\agendarCita.html) [Line 1, Column 3]\n  Error: filter not found: formatoHoraMinutos","referrer":"http://localhost:3000/agenda/selectStudy","timestamp":"2023-09-11T15:17:46.421Z","username":"imaxessprivado@imaxess.com"}
{"level":"error","message":"La página que estás buscando no se encuentra.","referrer":"http://localhost:3000/agenda/agendarCita","timestamp":"2023-09-11T15:17:47.553Z","username":"imaxessprivado@imaxess.com"}
{"level":"error","message":"(C:\\wamp64\\www\\B2B-Imaxess\\views\\agenda\\agendarCita.html) [Line 1, Column 3]\n  Error: filter not found: formatoHoraMinutos","referrer":"http://localhost:3000/agenda/selectStudy","timestamp":"2023-09-11T15:17:48.849Z","username":"imaxessprivado@imaxess.com"}
{"level":"error","message":"(C:\\wamp64\\www\\B2B-Imaxess\\views\\agenda\\agendarCita.html) [Line 1, Column 3]\n  Error: filter not found: formatoHoraMinutos","referrer":"http://localhost:3000/agenda/selectStudy","timestamp":"2023-09-11T15:18:31.945Z","username":"imaxessprivado@imaxess.com"}
{"level":"error","message":"(C:\\wamp64\\www\\B2B-Imaxess\\views\\agenda\\agendarCita.html) [Line 1, Column 3]\n  Error: filter not found: formatoHoraMinutos","referrer":"http://localhost:3000/agenda/selectStudy","timestamp":"2023-09-11T15:18:50.644Z","username":"imaxessprivado@imaxess.com"}
{"level":"error","message":"(C:\\wamp64\\www\\B2B-Imaxess\\views\\agenda\\agendarCita.html) [Line 1, Column 3]\n  Error: filter not found: formatoHoraMinutos","referrer":"http://localhost:3000/agenda/selectStudy","timestamp":"2023-09-11T15:18:56.339Z","username":"imaxessprivado@imaxess.com"}
{"level":"error","message":"(C:\\wamp64\\www\\B2B-Imaxess\\views\\agenda\\agendarCita.html) [Line 1, Column 3]\n  Error: filter not found: formatoHoraMinutos","referrer":"http://localhost:3000/agenda/selectStudy","timestamp":"2023-09-11T15:19:41.958Z","username":"imaxessprivado@imaxess.com"}
{"level":"error","message":"(C:\\wamp64\\www\\B2B-Imaxess\\views\\agenda\\agendarCita.html) [Line 1, Column 3]\n  Error: filter not found: formatoHoraMinutos","referrer":"http://localhost:3000/agenda/selectStudy","timestamp":"2023-09-11T15:19:57.651Z","username":"imaxessprivado@imaxess.com"}
{"level":"error","message":"(C:\\wamp64\\www\\B2B-Imaxess\\views\\agenda\\agendarCita.html) [Line 1, Column 3]\n  Error: filter not found: formatoHoraMinutos","referrer":"http://localhost:3000/agenda/selectStudy","timestamp":"2023-09-11T15:20:47.234Z","username":"imaxessprivado@imaxess.com"}
{"level":"error","message":"(C:\\wamp64\\www\\B2B-Imaxess\\views\\agenda\\agendarCita.html) [Line 1, Column 3]\n  Error: filter not found: formatoHoraMinutos","referrer":"http://localhost:3000/agenda/selectStudy","timestamp":"2023-09-11T15:20:56.879Z","username":"imaxessprivado@imaxess.com"}
{"level":"error","message":"(C:\\wamp64\\www\\B2B-Imaxess\\views\\agenda\\agendarCita.html) [Line 1, Column 3]\n  Error: filter not found: formatoHoraMinutos","referrer":"http://localhost:3000/agenda/selectStudy","timestamp":"2023-09-11T15:21:23.911Z","username":"imaxessprivado@imaxess.com"}
{"level":"error","message":"(C:\\wamp64\\www\\B2B-Imaxess\\views\\agenda\\agendarCita.html) [Line 1, Column 3]\n  Error: filter not found: formatoHoraMinutos","referrer":"/dashboard/","timestamp":"2023-09-11T15:21:36.866Z","username":"imaxessprivado@imaxess.com"}
{"level":"error","message":"(C:\\wamp64\\www\\B2B-Imaxess\\views\\agenda\\agendarCita.html) [Line 1, Column 3]\n  Error: filter not found: formatoHoraMinutos","referrer":"http://localhost:3000/agenda/selectStudy","timestamp":"2023-09-11T15:22:18.537Z","username":"imaxessprivado@imaxess.com"}
{"level":"error","message":"La página que estás buscando no se encuentra.","referrer":"http://localhost:3000/agenda/agendarCita","timestamp":"2023-09-11T15:22:26.598Z","username":"imaxessprivado@imaxess.com"}
{"level":"error","message":"(C:\\wamp64\\www\\B2B-Imaxess\\views\\agenda\\agendarCita.html) [Line 1, Column 3]\n  Error: filter not found: formatoHoraMinutos","referrer":"http://localhost:3000/agenda/selectStudy","timestamp":"2023-09-11T15:22:29.031Z","username":"imaxessprivado@imaxess.com"}
{"level":"error","message":"La página que estás buscando no se encuentra.","referrer":"http://localhost:3000/agenda/agendarCita","timestamp":"2023-09-11T15:22:30.091Z","username":"imaxessprivado@imaxess.com"}
{"level":"error","message":"(C:\\wamp64\\www\\B2B-Imaxess\\views\\agenda\\agendarCita.html) [Line 1, Column 3]\n  Error: filter not found: formatoHoraMinutos","referrer":"http://localhost:3000/agenda/selectStudy","timestamp":"2023-09-11T15:23:12.875Z","username":"imaxessprivado@imaxess.com"}
{"level":"error","message":"(C:\\wamp64\\www\\B2B-Imaxess\\views\\agenda\\agendarCita.html) [Line 1, Column 3]\n  Error: filter not found: formatoHoraMinutos","referrer":"http://localhost:3000/agenda/selectStudy","timestamp":"2023-09-11T15:24:03.354Z","username":"imaxessprivado@imaxess.com"}
{"level":"error","message":"(C:\\wamp64\\www\\B2B-Imaxess\\views\\agenda\\agendarCita.html) [Line 1, Column 3]\n  Error: filter not found: formatoHoraMinutos","referrer":"http://localhost:3000/agenda/selectStudy","timestamp":"2023-09-11T15:24:27.235Z","username":"imaxessprivado@imaxess.com"}
{"level":"error","message":"(C:\\wamp64\\www\\B2B-Imaxess\\views\\agenda\\agendarCita.html) [Line 1, Column 3]\n  Error: filter not found: formatoMoneda","referrer":"http://localhost:3000/agenda/selectStudy","timestamp":"2023-09-11T15:59:19.239Z","username":"imaxessprivado@imaxess.com"}
{"level":"error","message":"La página que estás buscando no se encuentra.","referrer":"http://localhost:3000/agenda/agendarCita","timestamp":"2023-09-11T16:00:38.892Z","username":"imaxessprivado@imaxess.com"}
{"level":"error","message":"(C:\\wamp64\\www\\B2B-Imaxess\\views\\agenda\\agendarCita.html) [Line 1, Column 3]\n  Error: filter not found: formatoMoneda","referrer":"http://localhost:3000/agenda/selectStudy","timestamp":"2023-09-11T16:00:39.950Z","username":"imaxessprivado@imaxess.com"}
{"level":"error","message":"(C:\\wamp64\\www\\B2B-Imaxess\\views\\agenda\\agendarCita.html) [Line 1, Column 3]\n  Error: filter not found: formatoMoneda","referrer":"http://localhost:3000/agenda/selectStudy","timestamp":"2023-09-11T16:01:08.353Z","username":"imaxessprivado@imaxess.com"}
{"level":"error","message":"(C:\\wamp64\\www\\B2B-Imaxess\\views\\agenda\\agendarCita.html) [Line 1, Column 3]\n  Error: filter not found: formatoMoneda","referrer":"http://localhost:3000/agenda/selectStudy","timestamp":"2023-09-11T16:36:47.712Z","username":"imaxessprivado@imaxess.com"}
{"level":"error","message":"(C:\\wamp64\\www\\B2B-Imaxess\\views\\agenda\\agendarCita.html) [Line 1, Column 3]\n  Error: filter not found: formatoMoneda","referrer":"http://localhost:3000/agenda/selectStudy","timestamp":"2023-09-11T16:39:23.560Z","username":"imaxessprivado@imaxess.com"}
{"level":"error","message":"result is not defined","referrer":"http://localhost:3000/dashboard/agendar","timestamp":"2023-09-13T01:18:12.039Z","username":"imaxessprivado@imaxess.com"}
{"level":"error","message":"result is not defined","referrer":"http://localhost:3000/dashboard/","timestamp":"2023-09-13T01:18:20.728Z","username":"imaxessprivado@imaxess.com"}
{"level":"error","message":"La página que estás buscando no se encuentra.","referrer":"http://localhost:3000/dashboard/agendar","timestamp":"2023-09-13T15:59:32.996Z","username":"imaxessprivado@imaxess.com"}
{"level":"error","message":"No se pudo obtener el expediente","referrer":"http://localhost:3000/dashboard/expediente","timestamp":"2023-09-13T17:18:38.043Z","username":"imaxessprivado@imaxess.com"}
{"level":"error","message":"No se pudo obtener el expediente","referrer":"http://localhost:3000/dashboard/expediente","timestamp":"2023-09-13T17:18:39.749Z","username":"imaxessprivado@imaxess.com"}
{"level":"error","message":"No se pudo obtener el expediente","referrer":"http://localhost:3000/dashboard/expediente","timestamp":"2023-09-13T17:18:41.705Z","username":"imaxessprivado@imaxess.com"}
{"level":"error","message":"No se pudo obtener el expediente","referrer":"http://localhost:3000/dashboard/expediente","timestamp":"2023-09-13T17:18:43.589Z","username":"imaxessprivado@imaxess.com"}
{"level":"error","message":"No se pudo obtener el expediente","referrer":"http://localhost:3000/dashboard/expediente","timestamp":"2023-09-13T17:18:45.188Z","username":"imaxessprivado@imaxess.com"}
{"level":"error","message":"No se pudo obtener el expediente","referrer":"http://localhost:3000/dashboard/expediente","timestamp":"2023-09-13T17:18:46.719Z","username":"imaxessprivado@imaxess.com"}
{"level":"error","message":"No se pudo obtener el expediente","referrer":"http://localhost:3000/dashboard/expediente","timestamp":"2023-09-13T17:18:48.527Z","username":"imaxessprivado@imaxess.com"}
{"level":"error","message":"No se pudo obtener el expediente","referrer":"http://localhost:3000/dashboard/expediente","timestamp":"2023-09-13T17:20:18.972Z","username":"imaxessprivado@imaxess.com"}
{"level":"error","message":"No se pudo obtener el expediente","referrer":"http://localhost:3000/dashboard/expediente","timestamp":"2023-09-13T17:20:21.218Z","username":"imaxessprivado@imaxess.com"}
{"level":"error","message":"No se pudo obtener el expediente","referrer":"http://localhost:3000/dashboard/expediente","timestamp":"2023-09-13T17:20:23.060Z","username":"imaxessprivado@imaxess.com"}
{"level":"error","message":"No se pudo obtener el expediente","referrer":"http://localhost:3000/dashboard/expediente","timestamp":"2023-09-13T17:20:24.568Z","username":"imaxessprivado@imaxess.com"}
{"level":"error","message":"No se pudo obtener el expediente","referrer":"http://localhost:3000/dashboard/expediente","timestamp":"2023-09-13T17:20:26.447Z","username":"imaxessprivado@imaxess.com"}
{"level":"error","message":"No se pudo obtener el expediente","referrer":"http://localhost:3000/dashboard/expediente","timestamp":"2023-09-13T17:20:28.062Z","username":"imaxessprivado@imaxess.com"}
{"level":"error","message":"item is not defined","referrer":"http://localhost:3000/dashboard/expediente","timestamp":"2023-09-13T18:16:36.234Z","username":"imaxessprivado@imaxess.com"}
{"level":"error","message":"item is not defined","referrer":"http://localhost:3000/dashboard/expediente","timestamp":"2023-09-13T18:16:36.370Z","username":"imaxessprivado@imaxess.com"}
{"level":"error","message":"item is not defined","referrer":"http://localhost:3000/dashboard/expediente","timestamp":"2023-09-13T18:16:37.192Z","username":"imaxessprivado@imaxess.com"}
{"level":"error","message":"item is not defined","referrer":"http://localhost:3000/dashboard/expediente","timestamp":"2023-09-13T18:16:37.963Z","username":"imaxessprivado@imaxess.com"}
{"level":"error","message":"item is not defined","referrer":"http://localhost:3000/dashboard/expediente","timestamp":"2023-09-13T18:16:38.820Z","username":"imaxessprivado@imaxess.com"}
{"level":"error","message":"item is not defined","referrer":"http://localhost:3000/dashboard/expediente","timestamp":"2023-09-13T18:16:39.570Z","username":"imaxessprivado@imaxess.com"}
{"level":"error","message":"item is not defined","referrer":"http://localhost:3000/dashboard/expediente","timestamp":"2023-09-13T18:17:00.406Z","username":"imaxessprivado@imaxess.com"}
{"level":"error","message":"item is not defined","referrer":"http://localhost:3000/dashboard/expediente","timestamp":"2023-09-13T18:17:01.402Z","username":"imaxessprivado@imaxess.com"}
{"level":"error","message":"error is not defined","referrer":"http://localhost:3000/dashboard/agendar","timestamp":"2023-09-13T19:03:56.979Z","username":"imaxessprivado@imaxess.com"}
{"level":"error","message":"error is not defined","referrer":"http://localhost:3000/agenda/selectStudy","timestamp":"2023-09-13T19:04:14.771Z","username":"imaxessprivado@imaxess.com"}
{"level":"error","message":"error is not defined","referrer":"http://localhost:3000/agenda/agendarCita","timestamp":"2023-09-13T19:04:27.256Z","username":"imaxessprivado@imaxess.com"}
<<<<<<< HEAD
{"level":"error","message":"Cannot read properties of undefined (reading '0')","referrer":"http://localhost:3000/agenda/selectStudy","timestamp":"2023-09-14T23:55:58.315Z","username":"imaxessprivado@imaxess.com"}
{"level":"error","message":"La página que estás buscando no se encuentra.","referrer":"http://localhost:3000/agenda/agendarCita","timestamp":"2023-09-14T23:56:22.393Z","username":"imaxessprivado@imaxess.com"}
{"level":"error","message":"Cannot read properties of undefined (reading '0')","referrer":"http://localhost:3000/agenda/selectStudy","timestamp":"2023-09-14T23:56:41.233Z","username":"imaxessprivado@imaxess.com"}
{"level":"error","message":"Agenda.getIndicaciones is not a function","referrer":"http://localhost:3000/agenda/agendarCita","timestamp":"2023-09-15T00:12:25.005Z","username":"imaxessprivado@imaxess.com"}
{"level":"error","message":"La solicitud contiene errores de sintaxis.","referrer":"http://localhost:3000/dashboard/agendar","timestamp":"2023-09-20T19:04:52.038Z","username":"erpadilla"}
{"level":"error","message":"La solicitud contiene errores de sintaxis.","referrer":"http://localhost:3000/dashboard/agendar","timestamp":"2023-09-20T19:04:52.110Z","username":"erpadilla"}
{"level":"error","message":"La solicitud contiene errores de sintaxis.","referrer":"http://localhost:3000/dashboard/agendar","timestamp":"2023-09-20T19:04:53.407Z","username":"erpadilla"}
{"level":"error","message":"La solicitud contiene errores de sintaxis.","referrer":"http://localhost:3000/dashboard/agendar","timestamp":"2023-09-20T19:04:54.351Z","username":"erpadilla"}
{"level":"error","message":"La solicitud contiene errores de sintaxis.","referrer":"http://localhost:3000/dashboard/agendar","timestamp":"2023-09-20T19:04:54.826Z","username":"erpadilla"}
{"level":"error","message":"La solicitud contiene errores de sintaxis.","referrer":"http://localhost:3000/dashboard/agendar","timestamp":"2023-09-20T19:04:55.036Z","username":"erpadilla"}
{"level":"error","message":"Cannot read properties of undefined (reading 'descripcion')","referrer":"http://localhost:3000/agenda/agendarCita","timestamp":"2023-09-20T19:06:09.111Z","username":"imaxessprivado@imaxess.com"}
{"level":"error","message":"Cannot read properties of undefined (reading 'descripcion')","referrer":"http://localhost:3000/agenda/agendarCita","timestamp":"2023-09-20T19:10:31.458Z","username":"imaxessprivado@imaxess.com"}
{"level":"error","message":"Cannot read properties of undefined (reading 'descripcion')","referrer":"http://localhost:3000/agenda/agendarCita","timestamp":"2023-09-20T19:46:47.617Z","username":"imaxessprivado@imaxess.com"}
{"level":"error","message":"Cannot read properties of undefined (reading 'descripcion')","referrer":"http://localhost:3000/agenda/agendarCita","timestamp":"2023-09-20T19:48:11.491Z","username":"imaxessprivado@imaxess.com"}
{"level":"error","message":"Cannot read properties of undefined (reading 'descripcion')","referrer":"http://localhost:3000/agenda/agendarCita","timestamp":"2023-09-20T19:48:14.228Z","username":"imaxessprivado@imaxess.com"}
{"level":"error","message":"Cannot read properties of undefined (reading 'descripcion')","referrer":"http://localhost:3000/agenda/selectStudy","timestamp":"2023-09-20T20:13:13.602Z","username":"imaxessprivado@imaxess.com"}
{"level":"error","message":"Cannot read properties of undefined (reading 'descripcion')","referrer":"http://localhost:3000/agenda/selectStudy","timestamp":"2023-09-20T20:13:56.862Z","username":"imaxessprivado@imaxess.com"}
{"level":"error","message":"Cannot read properties of undefined (reading 'descripcion')","referrer":"http://localhost:3000/agenda/selectStudy","timestamp":"2023-09-20T20:17:35.355Z","username":"imaxessprivado@imaxess.com"}
{"level":"error","message":"Cannot read properties of undefined (reading 'descripcion')","referrer":"http://localhost:3000/agenda/selectStudy","timestamp":"2023-09-20T20:19:43.316Z","username":"imaxessprivado@imaxess.com"}
{"level":"error","message":"Cannot read properties of undefined (reading 'descripcion')","referrer":"http://localhost:3000/agenda/selectStudy","timestamp":"2023-09-20T20:20:23.629Z","username":"imaxessprivado@imaxess.com"}
{"level":"error","message":"Cannot read properties of undefined (reading 'descripcion')","referrer":"http://localhost:3000/agenda/selectStudy","timestamp":"2023-09-20T20:20:46.918Z","username":"imaxessprivado@imaxess.com"}
{"level":"error","message":"Cannot read properties of undefined (reading 'descripcion')","referrer":"http://localhost:3000/agenda/selectStudy","timestamp":"2023-09-20T20:21:28.147Z","username":"imaxessprivado@imaxess.com"}
{"level":"error","message":"Cannot read properties of undefined (reading 'descripcion')","referrer":"http://localhost:3000/agenda/selectStudy","timestamp":"2023-09-20T20:22:11.498Z","username":"imaxessprivado@imaxess.com"}
{"level":"error","message":"Cannot read properties of undefined (reading 'descripcion')","referrer":"http://localhost:3000/agenda/selectStudy","timestamp":"2023-09-20T20:25:21.033Z","username":"imaxessprivado@imaxess.com"}
{"level":"error","message":"Cannot read properties of undefined (reading 'descripcion')","referrer":"http://localhost:3000/agenda/selectStudy","timestamp":"2023-09-20T20:25:29.378Z","username":"imaxessprivado@imaxess.com"}
{"level":"error","message":"Cannot read properties of undefined (reading 'descripcion')","referrer":"http://localhost:3000/agenda/selectStudy","timestamp":"2023-09-20T20:26:15.779Z","username":"imaxessprivado@imaxess.com"}
{"level":"error","message":"Cannot read properties of undefined (reading 'descripcion')","referrer":"http://localhost:3000/agenda/selectStudy","timestamp":"2023-09-20T20:27:08.241Z","username":"imaxessprivado@imaxess.com"}
{"level":"error","message":"Cannot read properties of undefined (reading 'descripcion')","referrer":"http://localhost:3000/agenda/selectStudy","timestamp":"2023-09-20T20:27:31.535Z","username":"imaxessprivado@imaxess.com"}
{"level":"error","message":"Cannot read properties of undefined (reading 'descripcion')","referrer":"http://localhost:3000/agenda/selectStudy","timestamp":"2023-09-20T20:29:16.520Z","username":"imaxessprivado@imaxess.com"}
{"level":"error","message":"Cannot read properties of undefined (reading 'descripcion')","referrer":"http://localhost:3000/agenda/selectStudy","timestamp":"2023-09-20T20:29:33.288Z","username":"imaxessprivado@imaxess.com"}
{"level":"error","message":"Cannot read properties of undefined (reading 'descripcion')","referrer":"http://localhost:3000/agenda/selectStudy","timestamp":"2023-09-20T20:30:04.019Z","username":"imaxessprivado@imaxess.com"}
{"level":"error","message":"Cannot read properties of undefined (reading 'descripcion')","referrer":"http://localhost:3000/agenda/selectStudy","timestamp":"2023-09-20T20:30:28.117Z","username":"imaxessprivado@imaxess.com"}
{"level":"error","message":"Cannot read properties of undefined (reading 'descripcion')","referrer":"http://localhost:3000/agenda/selectStudy","timestamp":"2023-09-20T20:32:10.375Z","username":"imaxessprivado@imaxess.com"}
{"level":"error","message":"Cannot read properties of undefined (reading 'descripcion')","referrer":"http://localhost:3000/agenda/selectStudy","timestamp":"2023-09-20T20:32:27.153Z","username":"imaxessprivado@imaxess.com"}
{"level":"error","message":"Cannot read properties of undefined (reading 'descripcion')","referrer":"http://localhost:3000/agenda/selectStudy","timestamp":"2023-09-20T20:32:50.291Z","username":"imaxessprivado@imaxess.com"}
{"level":"error","message":"paso is not defined","referrer":"http://localhost:3000/dashboard/","timestamp":"2023-09-21T19:04:22.605Z","username":"imaxessprivado@imaxess.com"}
{"level":"error","message":"paso is not defined","referrer":"http://localhost:3000/dashboard/","timestamp":"2023-09-21T19:05:46.553Z","username":"imaxessprivado@imaxess.com"}
{"level":"error","message":"paso is not defined","referrer":"http://localhost:3000/dashboard/agendar","timestamp":"2023-09-21T20:17:46.647Z","username":"imaxessprivado@imaxess.com"}
{"level":"error","message":"paso is not defined","referrer":"http://localhost:3000/dashboard/agendar","timestamp":"2023-09-21T20:17:48.311Z","username":"imaxessprivado@imaxess.com"}
{"level":"error","message":"paso is not defined","referrer":"http://localhost:3000/dashboard/agendar","timestamp":"2023-09-21T20:17:49.026Z","username":"imaxessprivado@imaxess.com"}
{"level":"error","message":"paso is not defined","referrer":"http://localhost:3000/dashboard/agendar","timestamp":"2023-09-21T20:17:50.066Z","username":"imaxessprivado@imaxess.com"}
{"level":"error","message":"paso is not defined","referrer":"http://localhost:3000/dashboard/agendar","timestamp":"2023-09-21T20:17:51.168Z","username":"imaxessprivado@imaxess.com"}
{"level":"error","message":"paso is not defined","referrer":"http://localhost:3000/dashboard/expediente","timestamp":"2023-09-21T20:17:53.814Z","username":"imaxessprivado@imaxess.com"}
{"level":"error","message":"paso is not defined","referrer":"http://localhost:3000/dashboard/expediente","timestamp":"2023-09-21T20:18:26.159Z","username":"imaxessprivado@imaxess.com"}
{"level":"error","message":"paso is not defined","referrer":"http://localhost:3000/dashboard/expediente","timestamp":"2023-09-21T20:18:28.652Z","username":"imaxessprivado@imaxess.com"}
{"level":"error","message":"paso is not defined","referrer":"http://localhost:3000/dashboard/expediente","timestamp":"2023-09-21T20:21:57.465Z","username":"imaxessprivado@imaxess.com"}
{"level":"error","message":"No se pudo obtener el expediente","referrer":"http://localhost:3000/dashboard/expediente","timestamp":"2023-09-22T03:33:50.244Z","username":"imaxessprivado@imaxess.com"}
{"level":"error","message":"No se pudo obtener el expediente","referrer":"http://localhost:3000/dashboard/expediente","timestamp":"2023-09-22T03:33:51.748Z","username":"imaxessprivado@imaxess.com"}
{"level":"error","message":"No se pudo obtener el expediente","referrer":"http://localhost:3000/dashboard/expediente","timestamp":"2023-09-22T03:33:53.719Z","username":"imaxessprivado@imaxess.com"}
{"level":"error","message":"No se pudo obtener el expediente","referrer":"http://localhost:3000/dashboard/expediente","timestamp":"2023-09-22T03:33:58.562Z","username":"imaxessprivado@imaxess.com"}
{"level":"error","message":"No se pudo obtener el expediente","referrer":"http://localhost:3000/dashboard/expediente","timestamp":"2023-09-22T03:34:01.159Z","username":"imaxessprivado@imaxess.com"}
{"level":"error","message":"No se pudo obtener el expediente","referrer":"http://localhost:3000/dashboard/expediente","timestamp":"2023-09-22T03:34:02.810Z","username":"imaxessprivado@imaxess.com"}
{"level":"error","message":"No se pudo obtener el expediente","referrer":"http://localhost:3000/dashboard/expediente","timestamp":"2023-09-22T03:34:04.348Z","username":"imaxessprivado@imaxess.com"}
{"level":"error","message":"No se pudo obtener el expediente","referrer":"http://localhost:3000/dashboard/expediente","timestamp":"2023-09-22T03:34:47.735Z","username":"imaxessprivado@imaxess.com"}
{"level":"error","message":"No se pudo obtener el expediente","referrer":"http://localhost:3000/dashboard/expediente","timestamp":"2023-09-22T03:34:49.401Z","username":"imaxessprivado@imaxess.com"}
{"level":"error","message":"No se pudo obtener el expediente","referrer":"http://localhost:3000/dashboard/expediente","timestamp":"2023-09-22T03:34:51.254Z","username":"imaxessprivado@imaxess.com"}
=======
{"level":"error","message":"Cannot read properties of undefined (reading 'id')","referrer":"http://localhost:3000/agenda/agendarCita","timestamp":"2023-09-14T20:39:41.406Z","username":"imaxessprivado@imaxess.com"}
{"level":"error","message":"Cannot read properties of undefined (reading 'id')","referrer":"http://localhost:3000/agenda/agendarCita","timestamp":"2023-09-14T20:39:47.684Z","username":"imaxessprivado@imaxess.com"}
{"level":"error","message":"Cannot read properties of undefined (reading 'id')","referrer":"http://localhost:3000/agenda/agendarCita","timestamp":"2023-09-14T20:40:52.329Z","username":"imaxessprivado@imaxess.com"}
{"level":"error","message":"Cannot read properties of undefined (reading 'id')","referrer":"http://localhost:3000/agenda/agendarCita","timestamp":"2023-09-14T20:41:29.147Z","username":"imaxessprivado@imaxess.com"}
{"level":"error","message":"Cannot read properties of undefined (reading 'id')","referrer":"http://localhost:3000/agenda/agendarCita","timestamp":"2023-09-14T20:41:30.604Z","username":"imaxessprivado@imaxess.com"}
{"level":"error","message":"Cannot read properties of undefined (reading 'id')","referrer":"http://localhost:3000/agenda/agendarCita","timestamp":"2023-09-14T20:41:31.330Z","username":"imaxessprivado@imaxess.com"}
{"level":"error","message":"Cannot read properties of undefined (reading 'id')","referrer":"http://localhost:3000/agenda/agendarCita","timestamp":"2023-09-14T20:41:31.947Z","username":"imaxessprivado@imaxess.com"}
{"level":"error","message":"Cannot read properties of undefined (reading 'id')","referrer":"http://localhost:3000/agenda/agendarCita","timestamp":"2023-09-14T20:41:54.486Z","username":"imaxessprivado@imaxess.com"}
{"level":"error","message":"Cannot read properties of undefined (reading 'id')","referrer":"http://localhost:3000/agenda/agendarCita","timestamp":"2023-09-14T20:42:15.509Z","username":"imaxessprivado@imaxess.com"}
{"level":"error","message":"Cannot read properties of undefined (reading 'id')","referrer":"http://localhost:3000/agenda/agendarCita","timestamp":"2023-09-14T20:42:17.131Z","username":"imaxessprivado@imaxess.com"}
{"level":"error","message":"Cannot read properties of undefined (reading 'id')","referrer":"http://localhost:3000/agenda/agendarCita","timestamp":"2023-09-14T20:42:17.787Z","username":"imaxessprivado@imaxess.com"}
{"level":"error","message":"Cannot read properties of undefined (reading 'id')","referrer":"http://localhost:3000/agenda/agendarCita","timestamp":"2023-09-14T20:43:06.387Z","username":"imaxessprivado@imaxess.com"}
{"level":"error","message":"Cannot read properties of undefined (reading 'id')","referrer":"http://localhost:3000/agenda/agendarCita","timestamp":"2023-09-14T20:43:08.220Z","username":"imaxessprivado@imaxess.com"}
{"level":"error","message":"Cannot read properties of undefined (reading 'id')","referrer":"http://localhost:3000/agenda/agendarCita","timestamp":"2023-09-14T20:43:08.755Z","username":"imaxessprivado@imaxess.com"}
{"level":"error","message":"generateSchedule is not defined","referrer":"http://localhost:3000/agenda/agendarCita","timestamp":"2023-09-14T21:04:32.592Z","username":"imaxessprivado@imaxess.com"}
{"level":"error","message":"Cannot set properties of undefined (setting 'sch_status')","referrer":"http://localhost:3000/agenda/agendarCita","timestamp":"2023-09-14T21:49:41.482Z","username":"imaxessprivado@imaxess.com"}
{"level":"error","message":"Cannot set properties of undefined (setting 'sch_status')","referrer":"http://localhost:3000/agenda/agendarCita","timestamp":"2023-09-14T21:51:13.162Z","username":"imaxessprivado@imaxess.com"}
{"level":"error","message":"Cannot set properties of undefined (setting 'sch_status')","referrer":"http://localhost:3000/agenda/agendarCita","timestamp":"2023-09-14T21:54:48.483Z","username":"imaxessprivado@imaxess.com"}
{"level":"error","message":"horasActivas is not defined","referrer":"http://localhost:3000/agenda/agendarCita","timestamp":"2023-09-14T22:53:54.568Z","username":"imaxessprivado@imaxess.com"}
{"level":"error","message":"Cannot read properties of undefined (reading 'length')","referrer":"http://localhost:3000/agenda/agendarCita","timestamp":"2023-09-14T22:58:14.017Z","username":"imaxessprivado@imaxess.com"}
{"level":"error","message":"Cannot read properties of undefined (reading '0')","referrer":"http://localhost:3000/agenda/agendarCita","timestamp":"2023-09-14T23:03:36.248Z","username":"imaxessprivado@imaxess.com"}
{"level":"error","message":"Unexpected token 'o', \"[object Obj\"... is not valid JSON","referrer":"http://localhost:3000/agenda/agendarCita","timestamp":"2023-09-14T23:15:09.600Z","username":"imaxessprivado@imaxess.com"}
{"level":"error","message":"Assignment to constant variable.","referrer":"http://localhost:3000/agenda/agendarCita","timestamp":"2023-09-14T23:16:22.943Z","username":"imaxessprivado@imaxess.com"}
{"level":"error","message":"Cannot set properties of undefined (setting '4')","referrer":"http://localhost:3000/agenda/agendarCita","timestamp":"2023-09-14T23:35:24.078Z","username":"imaxessprivado@imaxess.com"}
{"level":"error","message":"Cannot set properties of undefined (setting '4')","referrer":"http://localhost:3000/agenda/agendarCita","timestamp":"2023-09-14T23:35:32.247Z","username":"imaxessprivado@imaxess.com"}
{"level":"error","message":"Cannot set properties of undefined (setting '4')","referrer":"http://localhost:3000/agenda/agendarCita","timestamp":"2023-09-14T23:35:39.839Z","username":"imaxessprivado@imaxess.com"}
{"level":"error","message":"Assignment to constant variable.","referrer":"http://localhost:3000/agenda/agendarCita","timestamp":"2023-09-19T15:40:25.461Z","username":"imaxessprivado@imaxess.com"}
{"level":"error","message":"Assignment to constant variable.","referrer":"http://localhost:3000/agenda/agendarCita","timestamp":"2023-09-19T15:40:57.002Z","username":"imaxessprivado@imaxess.com"}
{"level":"error","message":"agenda.forEach is not a function","referrer":"http://localhost:3000/agenda/agendarCita","timestamp":"2023-09-19T16:04:39.953Z","username":"imaxessprivado@imaxess.com"}
{"level":"error","message":"agenda.forEach is not a function","referrer":"http://localhost:3000/agenda/agendarCita","timestamp":"2023-09-19T16:04:47.380Z","username":"imaxessprivado@imaxess.com"}
{"level":"error","message":"agenda.forEach is not a function","referrer":"http://localhost:3000/agenda/agendarCita","timestamp":"2023-09-19T16:04:49.642Z","username":"imaxessprivado@imaxess.com"}
{"level":"error","message":"agenda.forEach is not a function","referrer":"http://localhost:3000/agenda/agendarCita","timestamp":"2023-09-19T16:04:50.747Z","username":"imaxessprivado@imaxess.com"}
{"level":"error","message":"bdCitas is not defined","referrer":"http://localhost:3000/agenda/agendarCita","timestamp":"2023-09-19T16:46:56.350Z","username":"imaxessprivado@imaxess.com"}
{"level":"error","message":"bdCitas is not defined","referrer":"http://localhost:3000/agenda/agendarCita","timestamp":"2023-09-19T16:47:01.894Z","username":"imaxessprivado@imaxess.com"}
{"level":"error","message":"bdCitas is not defined","referrer":"http://localhost:3000/agenda/agendarCita","timestamp":"2023-09-19T16:53:58.545Z","username":"imaxessprivado@imaxess.com"}
{"level":"error","message":"Cannot read properties of undefined (reading 'fecha')","referrer":"http://localhost:3000/agenda/agendarCita","timestamp":"2023-09-19T16:54:00.795Z","username":"imaxessprivado@imaxess.com"}
{"level":"error","message":"bdCitas is not defined","referrer":"http://localhost:3000/agenda/agendarCita","timestamp":"2023-09-19T17:00:03.175Z","username":"imaxessprivado@imaxess.com"}
{"level":"error","message":"bdCitas is not defined","referrer":"http://localhost:3000/agenda/agendarCita","timestamp":"2023-09-19T17:00:06.708Z","username":"imaxessprivado@imaxess.com"}
{"level":"error","message":"Cannot set properties of undefined (setting 'sch_status')","referrer":"http://localhost:3000/agenda/agendarCita","timestamp":"2023-09-19T18:13:33.692Z","username":"imaxessprivado@imaxess.com"}
{"level":"error","message":"Cannot set properties of undefined (setting 'sch_status')","referrer":"http://localhost:3000/agenda/agendarCita","timestamp":"2023-09-19T18:13:35.122Z","username":"imaxessprivado@imaxess.com"}
{"level":"error","message":"Cannot set properties of undefined (setting 'sch_status')","referrer":"http://localhost:3000/agenda/agendarCita","timestamp":"2023-09-19T18:13:36.017Z","username":"imaxessprivado@imaxess.com"}
{"level":"error","message":"Cannot set properties of undefined (setting 'sch_status')","referrer":"http://localhost:3000/agenda/agendarCita","timestamp":"2023-09-19T18:13:36.633Z","username":"imaxessprivado@imaxess.com"}
{"level":"error","message":"Cannot set properties of undefined (setting 'sch_status')","referrer":"http://localhost:3000/agenda/agendarCita","timestamp":"2023-09-19T18:17:06.391Z","username":"imaxessprivado@imaxess.com"}
{"level":"error","message":"Cannot set properties of undefined (setting 'sch_status')","referrer":"http://localhost:3000/agenda/agendarCita","timestamp":"2023-09-19T18:17:08.656Z","username":"imaxessprivado@imaxess.com"}
{"level":"error","message":"La página que estás buscando no se encuentra.","referrer":"/dashboard/","timestamp":"2023-09-19T21:10:19.616Z","username":"imaxessprivado@imaxess.com"}
{"level":"error","message":"La página que estás buscando no se encuentra.","referrer":"/dashboard/","timestamp":"2023-09-19T21:45:01.285Z","username":"imaxessprivado@imaxess.com"}
{"level":"error","message":"La página que estás buscando no se encuentra.","referrer":"http://localhost:3000/agenda/agendarCita","timestamp":"2023-09-20T15:34:18.714Z","username":"imaxessprivado@imaxess.com"}
{"level":"error","message":"La página que estás buscando no se encuentra.","referrer":"http://localhost:3000/agenda/agendarCita","timestamp":"2023-09-20T15:35:21.202Z","username":"imaxessprivado@imaxess.com"}
{"level":"error","message":"cita is not defined","referrer":"http://localhost:3000/agenda/agendarCita","timestamp":"2023-09-20T19:13:50.731Z","username":"imaxessprivado@imaxess.com"}
{"level":"error","message":"cita is not defined","referrer":"http://localhost:3000/agenda/agendarCita","timestamp":"2023-09-20T19:14:59.980Z","username":"imaxessprivado@imaxess.com"}
{"level":"error","message":"cita is not defined","referrer":"http://localhost:3000/agenda/agendarCita","timestamp":"2023-09-20T19:15:58.997Z","username":"imaxessprivado@imaxess.com"}
{"level":"error","message":"cita is not defined","referrer":"http://localhost:3000/agenda/agendarCita","timestamp":"2023-09-20T19:17:03.884Z","username":"imaxessprivado@imaxess.com"}
{"level":"error","message":"cita is not defined","referrer":"http://localhost:3000/agenda/agendarCita","timestamp":"2023-09-20T19:18:01.981Z","username":"imaxessprivado@imaxess.com"}
{"level":"error","message":"La página que estás buscando no se encuentra.","referrer":"/dashboard/","timestamp":"2023-09-20T20:01:44.463Z","username":"imaxessprivado@imaxess.com"}
{"level":"error","message":"La página que estás buscando no se encuentra.","referrer":"http://localhost:3000/agenda/agendarCita","timestamp":"2023-09-21T16:39:48.102Z","username":"imaxessprivado@imaxess.com"}
{"level":"error","message":"La página que estás buscando no se encuentra.","referrer":"http://localhost:3000/agenda/agendarCita","timestamp":"2023-09-21T16:45:49.212Z","username":"imaxessprivado@imaxess.com"}
{"level":"error","message":"Cannot read properties of undefined (reading 'id_paciente')","referrer":"http://localhost:3000/agenda/agendarCita","timestamp":"2023-09-21T17:12:21.800Z","username":"imaxessprivado@imaxess.com"}
{"level":"error","message":"Cannot read properties of undefined (reading 'id_paciente')","referrer":"http://localhost:3000/agenda/agendarCita","timestamp":"2023-09-21T17:13:51.219Z","username":"imaxessprivado@imaxess.com"}
{"level":"error","message":"Cannot read properties of undefined (reading 'id_paciente')","referrer":"http://localhost:3000/agenda/agendarCita","timestamp":"2023-09-21T17:15:43.061Z","username":"imaxessprivado@imaxess.com"}
{"level":"error","message":"Cannot read properties of undefined (reading 'split')","referrer":"http://localhost:3000/agenda/agendarCita","timestamp":"2023-09-21T17:40:48.002Z","username":"imaxessprivado@imaxess.com"}
{"level":"error","message":"Cannot read properties of undefined (reading 'split')","referrer":"http://localhost:3000/agenda/agendarCita","timestamp":"2023-09-21T17:41:56.155Z","username":"imaxessprivado@imaxess.com"}
{"level":"error","message":"Cannot read properties of undefined (reading 'split')","referrer":"http://localhost:3000/agenda/agendarCita","timestamp":"2023-09-21T17:43:03.411Z","username":"imaxessprivado@imaxess.com"}
{"level":"error","message":"Cannot read properties of undefined (reading 'split')","referrer":"http://localhost:3000/agenda/agendarCita","timestamp":"2023-09-21T17:45:54.179Z","username":"imaxessprivado@imaxess.com"}
{"level":"error","message":"Cannot read properties of undefined (reading 'split')","referrer":"http://localhost:3000/agenda/agendarCita","timestamp":"2023-09-21T17:49:00.395Z","username":"imaxessprivado@imaxess.com"}
{"level":"error","message":"Cannot read properties of undefined (reading 'id_paciente')","referrer":"http://localhost:3000/agenda/agendarCita","timestamp":"2023-09-21T17:49:28.983Z","username":"imaxessprivado@imaxess.com"}
{"level":"error","message":"Cannot read properties of undefined (reading 'id_paciente')","referrer":"http://localhost:3000/agenda/agendarCita","timestamp":"2023-09-21T17:50:30.227Z","username":"imaxessprivado@imaxess.com"}
{"level":"error","message":"Cannot read properties of undefined (reading 'id_paciente')","referrer":"http://localhost:3000/agenda/agendarCita","timestamp":"2023-09-21T17:51:08.178Z","username":"imaxessprivado@imaxess.com"}
{"level":"error","message":"Cannot read properties of undefined (reading 'id_paciente')","referrer":"http://localhost:3000/agenda/agendarCita","timestamp":"2023-09-21T17:51:59.140Z","username":"imaxessprivado@imaxess.com"}
{"level":"error","message":"Cannot read properties of undefined (reading 'id_paciente')","referrer":"http://localhost:3000/agenda/agendarCita","timestamp":"2023-09-21T17:53:08.037Z","username":"imaxessprivado@imaxess.com"}
{"level":"error","message":"newCita is not defined","referrer":"http://localhost:3000/agenda/agendarCita","timestamp":"2023-09-21T18:09:15.977Z","username":"imaxessprivado@imaxess.com"}
{"level":"error","message":"newCita is not defined","referrer":"http://localhost:3000/agenda/agendarCita","timestamp":"2023-09-21T18:10:07.821Z","username":"imaxessprivado@imaxess.com"}
{"level":"error","message":"ER_TRUNCATED_WRONG_VALUE: Incorrect datetime value: '0000-00-00 00:00:00' for column 'age_hora_proceso' at row 1","referrer":"http://localhost:3000/agenda/agendarCita","timestamp":"2023-09-21T18:11:19.289Z","username":"imaxessprivado@imaxess.com"}
{"level":"error","message":"ER_BAD_NULL_ERROR: Column 'age_fecha' cannot be null","referrer":"http://localhost:3000/agenda/agendarCita","timestamp":"2023-09-21T18:17:38.568Z","username":"imaxessprivado@imaxess.com"}
{"level":"error","message":"ER_NO_DEFAULT_FOR_FIELD: Field 'age_status' doesn't have a default value","referrer":"http://localhost:3000/agenda/agendarCita","timestamp":"2023-09-21T18:19:07.610Z","username":"imaxessprivado@imaxess.com"}
{"level":"error","message":"Cannot read properties of undefined (reading 'age_id_cita')","referrer":"http://localhost:3000/agenda/agendarCita","timestamp":"2023-09-21T18:20:21.895Z","username":"imaxessprivado@imaxess.com"}
{"level":"error","message":"Cannot read properties of undefined (reading 'age_id_cita')","referrer":"http://localhost:3000/agenda/agendarCita","timestamp":"2023-09-21T18:22:47.519Z","username":"imaxessprivado@imaxess.com"}
{"level":"error","message":"Cannot read properties of undefined (reading 'age_id_cita')","referrer":"http://localhost:3000/agenda/agendarCita","timestamp":"2023-09-21T18:23:43.369Z","username":"imaxessprivado@imaxess.com"}
{"level":"error","message":"ER_BAD_NULL_ERROR: Column 'age_fecha' cannot be null","referrer":"http://localhost:3000/agenda/agendarCita","timestamp":"2023-09-21T20:20:11.388Z","username":"imaxessprivado@imaxess.com"}
{"level":"error","message":"ER_BAD_NULL_ERROR: Column 'age_fecha' cannot be null","referrer":"http://localhost:3000/agenda/agendarCita","timestamp":"2023-09-21T20:22:00.933Z","username":"imaxessprivado@imaxess.com"}
{"level":"error","message":"ER_BAD_NULL_ERROR: Column 'age_fecha' cannot be null","referrer":"http://localhost:3000/agenda/agendarCita","timestamp":"2023-09-21T20:27:33.106Z","username":"imaxessprivado@imaxess.com"}
{"level":"error","message":"ER_BAD_NULL_ERROR: Column 'age_fecha' cannot be null","referrer":"http://localhost:3000/agenda/agendarCita","timestamp":"2023-09-21T20:28:11.846Z","username":"imaxessprivado@imaxess.com"}
{"level":"error","message":"ER_BAD_NULL_ERROR: Column 'age_fecha' cannot be null","referrer":"http://localhost:3000/agenda/agendarCita","timestamp":"2023-09-21T20:28:19.696Z","username":"imaxessprivado@imaxess.com"}
{"level":"error","message":"Uno o más campos requeridos no pueden ser nulos.","referrer":"http://localhost:3000/agenda/agendarCita","timestamp":"2023-09-21T20:33:10.251Z","username":"imaxessprivado@imaxess.com"}
{"level":"error","message":"Uno o más campos requeridos no pueden ser nulos.","referrer":"http://localhost:3000/agenda/agendarCita","timestamp":"2023-09-21T20:37:22.854Z","username":"imaxessprivado@imaxess.com"}
{"level":"error","message":"Uno o más campos requeridos no pueden ser nulos.","referrer":"http://localhost:3000/agenda/agendarCita","timestamp":"2023-09-21T20:37:30.976Z","username":"imaxessprivado@imaxess.com"}
{"level":"error","message":"alertsBS is not defined","referrer":"http://localhost:3000/agenda/agendarCita","timestamp":"2023-09-21T20:44:12.045Z","username":"imaxessprivado@imaxess.com"}
{"level":"error","message":"Cannot read properties of undefined (reading 'split')","referrer":"http://localhost:3000/agenda/agendarCita","timestamp":"2023-09-21T21:29:12.162Z","username":"imaxessprivado@imaxess.com"}
{"level":"error","message":"Cannot read properties of undefined (reading 'split')","referrer":"http://localhost:3000/agenda/agendarCita","timestamp":"2023-09-21T21:30:27.430Z","username":"imaxessprivado@imaxess.com"}
{"level":"error","message":"Cannot read properties of undefined (reading 'split')","referrer":"http://localhost:3000/agenda/agendarCita","timestamp":"2023-09-21T21:32:49.241Z","username":"imaxessprivado@imaxess.com"}
{"level":"error","message":"Cannot read properties of undefined (reading 'split')","referrer":"http://localhost:3000/agenda/agendarCita","timestamp":"2023-09-21T21:34:54.121Z","username":"imaxessprivado@imaxess.com"}
{"level":"error","message":"La página que estás buscando no se encuentra.","referrer":"/dashboard/","timestamp":"2023-09-21T21:35:32.468Z","username":"imaxessprivado@imaxess.com"}
{"level":"error","message":"La página que estás buscando no se encuentra.","referrer":"/dashboard/","timestamp":"2023-09-21T21:36:57.647Z","username":"imaxessprivado@imaxess.com"}
{"level":"error","message":"La página que estás buscando no se encuentra.","referrer":"/dashboard/","timestamp":"2023-09-21T21:37:01.480Z","username":"imaxessprivado@imaxess.com"}
{"level":"error","message":"La página que estás buscando no se encuentra.","referrer":"/dashboard/","timestamp":"2023-09-21T21:39:13.785Z","username":"imaxessprivado@imaxess.com"}
{"level":"error","message":"La página que estás buscando no se encuentra.","referrer":"/dashboard/","timestamp":"2023-09-21T21:39:44.654Z","username":"imaxessprivado@imaxess.com"}
{"level":"error","message":"La página que estás buscando no se encuentra.","referrer":"/dashboard/","timestamp":"2023-09-21T21:40:23.875Z","username":"imaxessprivado@imaxess.com"}
{"level":"error","message":"La página que estás buscando no se encuentra.","referrer":"/dashboard/","timestamp":"2023-09-21T21:40:27.316Z","username":"imaxessprivado@imaxess.com"}
{"level":"error","message":"La página que estás buscando no se encuentra.","referrer":"/dashboard/","timestamp":"2023-09-21T21:40:59.240Z","username":"imaxessprivado@imaxess.com"}
{"level":"error","message":"Cannot read properties of undefined (reading 'split')","referrer":"http://localhost:3000/agenda/agendarCita","timestamp":"2023-09-21T21:41:41.936Z","username":"imaxessprivado@imaxess.com"}
{"level":"error","message":"Cannot read properties of undefined (reading 'split')","referrer":"http://localhost:3000/agenda/agendarCita","timestamp":"2023-09-21T21:43:59.257Z","username":"imaxessprivado@imaxess.com"}
{"level":"error","message":"Cannot read properties of undefined (reading 'split')","referrer":"http://localhost:3000/agenda/agendarCita","timestamp":"2023-09-21T21:44:45.408Z","username":"imaxessprivado@imaxess.com"}
{"level":"error","message":"La página que estás buscando no se encuentra.","referrer":"http://localhost:3000/agenda/agendarCita","timestamp":"2023-09-21T21:45:10.752Z","username":"imaxessprivado@imaxess.com"}
{"level":"error","message":"Cannot read properties of undefined (reading 'split')","referrer":"http://localhost:3000/agenda/agendarCita","timestamp":"2023-09-21T21:56:40.487Z","username":"imaxessprivado@imaxess.com"}
{"level":"error","message":"Cannot read properties of undefined (reading 'split')","referrer":"http://localhost:3000/agenda/agendarCita","timestamp":"2023-09-21T22:00:06.548Z","username":"imaxessprivado@imaxess.com"}
{"level":"error","message":"alertsBS is not defined","referrer":"http://localhost:3000/agenda/agendarCita","timestamp":"2023-09-21T22:01:51.368Z","username":"imaxessprivado@imaxess.com"}
{"level":"error","message":"alertsBS is not defined","referrer":"http://localhost:3000/agenda/agendarCita","timestamp":"2023-09-21T22:01:58.288Z","username":"imaxessprivado@imaxess.com"}
{"level":"error","message":"alertsBS is not defined","referrer":"http://localhost:3000/agenda/agendarCita","timestamp":"2023-09-21T22:03:50.517Z","username":"imaxessprivado@imaxess.com"}
{"level":"error","message":"La página que estás buscando no se encuentra.","referrer":"/dashboard/","timestamp":"2023-09-21T22:04:02.527Z","username":"imaxessprivado@imaxess.com"}
{"level":"error","message":"alertsBS is not defined","referrer":"http://localhost:3000/agenda/agendarCita","timestamp":"2023-09-21T22:05:37.659Z","username":"imaxessprivado@imaxess.com"}
{"level":"error","message":"alertsBS is not defined","referrer":"http://localhost:3000/agenda/agendarCita","timestamp":"2023-09-21T22:11:05.061Z","username":"imaxessprivado@imaxess.com"}
{"level":"error","message":"Cannot enqueue Query after fatal error.","referrer":"http://localhost:3000/","timestamp":"2023-09-22T15:37:20.722Z","username":"SysLogin"}
{"level":"error","message":"La página que estás buscando no se encuentra.","referrer":"http://localhost:3000/agenda/agendarCita","timestamp":"2023-09-22T15:45:54.811Z","username":"imaxessprivado@imaxess.com"}
{"level":"error","message":"La página que estás buscando no se encuentra.","referrer":"/dashboard/","timestamp":"2023-09-22T16:11:49.338Z","username":"imaxessprivado@imaxess.com"}
{"level":"error","message":"addCancelacionByID is not defined","referrer":"http://localhost:3000/agenda/agendarCita","timestamp":"2023-09-22T16:39:32.524Z","username":"imaxessprivado@imaxess.com"}
{"level":"error","message":"addCancelacionByID is not defined","referrer":"http://localhost:3000/agenda/agendarCita","timestamp":"2023-09-22T16:41:27.885Z","username":"imaxessprivado@imaxess.com"}
{"level":"error","message":"addCancelacionByID is not defined","referrer":"http://localhost:3000/agenda/agendarCita","timestamp":"2023-09-22T16:42:27.355Z","username":"imaxessprivado@imaxess.com"}
{"level":"error","message":"La solicitud contiene errores de sintaxis.","referrer":"http://localhost:3000/agenda/agendarCita","timestamp":"2023-09-22T16:42:52.513Z","username":"imaxessprivado@imaxess.com"}
{"level":"error","message":"La solicitud contiene errores de sintaxis.","referrer":"http://localhost:3000/agenda/agendarCita","timestamp":"2023-09-22T16:44:02.876Z","username":"imaxessprivado@imaxess.com"}
{"level":"error","message":"next is not defined","referrer":"http://localhost:3000/agenda/agendarCita","timestamp":"2023-09-22T22:18:53.004Z","username":"imaxessprivado@imaxess.com"}
{"level":"error","message":"next is not defined","referrer":"http://localhost:3000/agenda/agendarCita","timestamp":"2023-09-22T22:22:06.046Z","username":"imaxessprivado@imaxess.com"}
{"level":"error","message":"next is not defined","referrer":"http://localhost:3000/agenda/agendarCita","timestamp":"2023-09-22T22:28:03.120Z","username":"imaxessprivado@imaxess.com"}
{"level":"error","message":"next is not defined","referrer":"http://localhost:3000/agenda/agendarCita","timestamp":"2023-09-22T22:32:13.975Z","username":"imaxessprivado@imaxess.com"}
{"level":"error","message":"Cannot enqueue Query after fatal error.","referrer":"http://localhost:3000/","timestamp":"2023-09-23T14:46:05.153Z","username":"SysLogin"}
{"level":"error","message":"Cannot enqueue Query after fatal error.","referrer":"http://localhost:3000/auth/login","timestamp":"2023-09-23T14:46:14.439Z","username":"SysLogin"}
{"level":"error","message":"next is not a function","referrer":"http://localhost:3000/agenda/agendarCita","timestamp":"2023-09-23T15:38:15.157Z","username":"imaxessprivado@imaxess.com"}
{"level":"error","message":"next is not a function","referrer":"http://localhost:3000/agenda/agendarCita","timestamp":"2023-09-23T15:40:52.447Z","username":"imaxessprivado@imaxess.com"}
{"level":"error","message":"next is not a function","referrer":"http://localhost:3000/agenda/agendarCita","timestamp":"2023-09-23T15:42:53.182Z","username":"imaxessprivado@imaxess.com"}
{"level":"error","message":"next is not a function","referrer":"http://localhost:3000/agenda/agendarCita","timestamp":"2023-09-23T15:43:10.832Z","username":"imaxessprivado@imaxess.com"}
{"level":"error","message":"next is not a function","referrer":"http://localhost:3000/agenda/agendarCita","timestamp":"2023-09-23T15:45:55.153Z","username":"imaxessprivado@imaxess.com"}
{"level":"error","message":"next is not a function","referrer":"http://localhost:3000/agenda/agendarCita","timestamp":"2023-09-23T15:48:20.392Z","username":"imaxessprivado@imaxess.com"}
{"level":"error","message":"next is not a function","referrer":"http://localhost:3000/agenda/agendarCita","timestamp":"2023-09-23T15:49:28.769Z","username":"imaxessprivado@imaxess.com"}
{"level":"error","message":"La página que estás buscando no se encuentra.","referrer":"http://localhost:3000/dashboard/","timestamp":"2023-09-23T16:04:50.088Z","username":"imaxessprivado@imaxess.com"}
{"level":"error","message":"La página que estás buscando no se encuentra.","referrer":"http://localhost:3000/dashboard/","timestamp":"2023-09-23T16:08:13.738Z","username":"imaxessprivado@imaxess.com"}
{"level":"error","message":"La página que estás buscando no se encuentra.","referrer":"http://localhost:3000/img/logo-bw.svg","timestamp":"2023-09-23T16:10:32.243Z","username":"imaxessprivado@imaxess.com"}
{"level":"error","message":"La página que estás buscando no se encuentra.","referrer":"http://localhost:3000/dashboard/perfil","timestamp":"2023-09-23T17:16:02.546Z","username":"imaxessprivado@imaxess.com"}
>>>>>>> 9199bee868ee1f0951f6f25200b0465e96fa62c7
{"level":"error","message":"No se pudo obtener el expediente","referrer":"http://localhost:3000/dashboard/expediente","timestamp":"2023-09-25T23:13:44.527Z","username":"imaxessprivado@imaxess.com"}
